2020-01-02 08:58:04.579  INFO 5304 --- [restartedMain] com.cx.wx.WxApplicationKt                : Starting WxApplicationKt on NetSark-PC with PID 5304 (C:\Users\NetSark\IdeaProjects\wx\target\classes started by NetSark in C:\Users\NetSark\IdeaProjects\wx)
2020-01-02 08:58:04.591  INFO 5304 --- [restartedMain] com.cx.wx.WxApplicationKt                : No active profile set, falling back to default profiles: default
2020-01-02 08:58:04.908  INFO 5304 --- [restartedMain] .e.DevToolsPropertyDefaultsPostProcessor : Devtools property defaults active! Set 'spring.devtools.add-properties' to 'false' to disable
2020-01-02 08:58:04.909  INFO 5304 --- [restartedMain] .e.DevToolsPropertyDefaultsPostProcessor : For additional web related logging consider setting the 'logging.level.web' property to 'DEBUG'
2020-01-02 08:58:07.276  INFO 5304 --- [restartedMain] o.s.b.w.embedded.tomcat.TomcatWebServer  : Tomcat initialized with port(s): 8080 (http)
2020-01-02 08:58:07.299  INFO 5304 --- [restartedMain] o.apache.catalina.core.StandardService   : Starting service [Tomcat]
2020-01-02 08:58:07.299  INFO 5304 --- [restartedMain] org.apache.catalina.core.StandardEngine  : Starting Servlet engine: [Apache Tomcat/9.0.29]
2020-01-02 08:58:07.465  INFO 5304 --- [restartedMain] o.a.c.c.C.[Tomcat].[localhost].[/]       : Initializing Spring embedded WebApplicationContext
2020-01-02 08:58:07.466  INFO 5304 --- [restartedMain] o.s.web.context.ContextLoader            : Root WebApplicationContext: initialization completed in 2557 ms
2020-01-02 08:58:08.613  INFO 5304 --- [restartedMain] o.s.s.concurrent.ThreadPoolTaskExecutor  : Initializing ExecutorService 'applicationTaskExecutor'
2020-01-02 08:58:09.173  INFO 5304 --- [restartedMain] o.s.b.d.a.OptionalLiveReloadServer       : LiveReload server is running on port 35729
2020-01-02 08:58:09.255  INFO 5304 --- [restartedMain] o.s.b.w.embedded.tomcat.TomcatWebServer  : Tomcat started on port(s): 8080 (http) with context path ''
2020-01-02 08:58:09.260  INFO 5304 --- [restartedMain] com.cx.wx.WxApplicationKt                : Started WxApplicationKt in 5.817 seconds (JVM running for 11.625)
2020-01-02 09:00:08.388  INFO 5304 --- [http-nio-8080-exec-1] o.a.c.c.C.[Tomcat].[localhost].[/]       : Initializing Spring DispatcherServlet 'dispatcherServlet'
2020-01-02 09:00:08.390  INFO 5304 --- [http-nio-8080-exec-1] o.s.web.servlet.DispatcherServlet        : Initializing Servlet 'dispatcherServlet'
2020-01-02 09:00:08.423  INFO 5304 --- [http-nio-8080-exec-1] o.s.web.servlet.DispatcherServlet        : Completed initialization in 14 ms
2020-01-02 09:00:10.220  INFO 5304 --- [http-nio-8080-exec-2] com.zaxxer.hikari.HikariDataSource       : HikariPool-1 - Starting...
2020-01-02 09:00:10.510  INFO 5304 --- [http-nio-8080-exec-2] com.zaxxer.hikari.HikariDataSource       : HikariPool-1 - Start completed.
2020-01-02 09:00:10.534 DEBUG 5304 --- [http-nio-8080-exec-2] com.cx.wx.dao.UserDao.findByOpenid       : ==>  Preparing: select openid,name,avatar,formid,unionid from user where openid=? limit 1 
2020-01-02 09:00:10.571 DEBUG 5304 --- [http-nio-8080-exec-2] com.cx.wx.dao.UserDao.findByOpenid       : ==> Parameters: oqFTn5Yr2QNr_-492HBzh7I_w53Y(String)
2020-01-02 09:00:10.619 DEBUG 5304 --- [http-nio-8080-exec-2] com.cx.wx.dao.UserDao.findByOpenid       : <==      Total: 1
2020-01-02 09:00:10.626 DEBUG 5304 --- [http-nio-8080-exec-2] com.cx.wx.dao.UserDao.updateUser         : ==>  Preparing: update user set name=?, avatar=? where openid=? 
2020-01-02 09:00:10.627 DEBUG 5304 --- [http-nio-8080-exec-2] com.cx.wx.dao.UserDao.updateUser         : ==> Parameters: Alphard(String), (String), oqFTn5Yr2QNr_-492HBzh7I_w53Y(String)
2020-01-02 09:00:10.659 DEBUG 5304 --- [http-nio-8080-exec-2] com.cx.wx.dao.UserDao.updateUser         : <==    Updates: 1
2020-01-02 09:03:45.570 DEBUG 5304 --- [http-nio-8080-exec-5] com.cx.wx.dao.UserDao.findByOpenid       : ==>  Preparing: select openid,name,avatar,formid,unionid from user where openid=? limit 1 
2020-01-02 09:03:45.571 DEBUG 5304 --- [http-nio-8080-exec-5] com.cx.wx.dao.UserDao.findByOpenid       : ==> Parameters: oqFTn5Yr2QNr_-492HBzh7I_w53Y(String)
2020-01-02 09:03:45.573 DEBUG 5304 --- [http-nio-8080-exec-5] com.cx.wx.dao.UserDao.findByOpenid       : <==      Total: 1
2020-01-02 09:03:45.574 DEBUG 5304 --- [http-nio-8080-exec-5] com.cx.wx.dao.UserDao.updateUser         : ==>  Preparing: update user set name=?, avatar=? where openid=? 
2020-01-02 09:03:45.574 DEBUG 5304 --- [http-nio-8080-exec-5] com.cx.wx.dao.UserDao.updateUser         : ==> Parameters: Alphard(String), (String), oqFTn5Yr2QNr_-492HBzh7I_w53Y(String)
2020-01-02 09:03:45.616 DEBUG 5304 --- [http-nio-8080-exec-5] com.cx.wx.dao.UserDao.updateUser         : <==    Updates: 1
2020-01-02 09:05:26.711 DEBUG 5304 --- [http-nio-8080-exec-8] com.cx.wx.dao.UserDao.findByOpenid       : ==>  Preparing: select openid,name,avatar,formid,unionid from user where openid=? limit 1 
2020-01-02 09:05:26.712 DEBUG 5304 --- [http-nio-8080-exec-8] com.cx.wx.dao.UserDao.findByOpenid       : ==> Parameters: oqFTn5Yr2QNr_-492HBzh7I_w53Y(String)
2020-01-02 09:05:26.713 DEBUG 5304 --- [http-nio-8080-exec-8] com.cx.wx.dao.UserDao.findByOpenid       : <==      Total: 1
2020-01-02 09:05:26.714 DEBUG 5304 --- [http-nio-8080-exec-8] com.cx.wx.dao.UserDao.updateUser         : ==>  Preparing: update user set name=?, avatar=? where openid=? 
2020-01-02 09:05:26.715 DEBUG 5304 --- [http-nio-8080-exec-8] com.cx.wx.dao.UserDao.updateUser         : ==> Parameters: Alphard(String), (String), oqFTn5Yr2QNr_-492HBzh7I_w53Y(String)
2020-01-02 09:05:26.749 DEBUG 5304 --- [http-nio-8080-exec-8] com.cx.wx.dao.UserDao.updateUser         : <==    Updates: 1
2020-01-02 09:05:37.705  INFO 5304 --- [http-nio-8080-exec-9] com.cx.wx.cache.AccessTokenCache         : 获取token成功, 失效时间: 2020-01-02 10:55:37
2020-01-02 09:06:05.261  INFO 5304 --- [http-nio-8080-exec-10] com.cx.wx.cache.AccessTokenCache         : token有效
2020-01-02 09:06:13.440  INFO 5304 --- [http-nio-8080-exec-1] com.cx.wx.cache.AccessTokenCache         : token有效
2020-01-02 09:16:05.781  INFO 1476 --- [restartedMain] com.cx.wx.WxApplicationKt                : Starting WxApplicationKt on NetSark-PC with PID 1476 (C:\Users\NetSark\IdeaProjects\wx\target\classes started by NetSark in C:\Users\NetSark\IdeaProjects\wx)
2020-01-02 09:16:05.787  INFO 1476 --- [restartedMain] com.cx.wx.WxApplicationKt                : No active profile set, falling back to default profiles: default
2020-01-02 09:16:05.914  INFO 1476 --- [restartedMain] .e.DevToolsPropertyDefaultsPostProcessor : Devtools property defaults active! Set 'spring.devtools.add-properties' to 'false' to disable
2020-01-02 09:16:05.914  INFO 1476 --- [restartedMain] .e.DevToolsPropertyDefaultsPostProcessor : For additional web related logging consider setting the 'logging.level.web' property to 'DEBUG'
2020-01-02 09:16:08.382  INFO 1476 --- [restartedMain] o.s.b.w.embedded.tomcat.TomcatWebServer  : Tomcat initialized with port(s): 8080 (http)
2020-01-02 09:16:08.398  INFO 1476 --- [restartedMain] o.apache.catalina.core.StandardService   : Starting service [Tomcat]
2020-01-02 09:16:08.398  INFO 1476 --- [restartedMain] org.apache.catalina.core.StandardEngine  : Starting Servlet engine: [Apache Tomcat/9.0.29]
2020-01-02 09:16:08.635  INFO 1476 --- [restartedMain] o.a.c.c.C.[Tomcat].[localhost].[/]       : Initializing Spring embedded WebApplicationContext
2020-01-02 09:16:08.635  INFO 1476 --- [restartedMain] o.s.web.context.ContextLoader            : Root WebApplicationContext: initialization completed in 2720 ms
2020-01-02 09:16:09.459  INFO 1476 --- [restartedMain] o.s.s.concurrent.ThreadPoolTaskExecutor  : Initializing ExecutorService 'applicationTaskExecutor'
2020-01-02 09:16:09.871  INFO 1476 --- [restartedMain] o.s.b.d.a.OptionalLiveReloadServer       : LiveReload server is running on port 35729
2020-01-02 09:16:09.932  INFO 1476 --- [restartedMain] o.s.b.w.embedded.tomcat.TomcatWebServer  : Tomcat started on port(s): 8080 (http) with context path ''
2020-01-02 09:16:09.937  INFO 1476 --- [restartedMain] com.cx.wx.WxApplicationKt                : Started WxApplicationKt in 5.219 seconds (JVM running for 9.344)
2020-01-02 09:16:18.087  INFO 1476 --- [http-nio-8080-exec-1] o.a.c.c.C.[Tomcat].[localhost].[/]       : Initializing Spring DispatcherServlet 'dispatcherServlet'
2020-01-02 09:16:18.097  INFO 1476 --- [http-nio-8080-exec-1] o.s.web.servlet.DispatcherServlet        : Initializing Servlet 'dispatcherServlet'
2020-01-02 09:16:18.111  INFO 1476 --- [http-nio-8080-exec-1] o.s.web.servlet.DispatcherServlet        : Completed initialization in 13 ms
2020-01-02 09:16:19.967  INFO 1476 --- [http-nio-8080-exec-2] com.zaxxer.hikari.HikariDataSource       : HikariPool-1 - Starting...
2020-01-02 09:16:20.452  INFO 1476 --- [http-nio-8080-exec-2] com.zaxxer.hikari.HikariDataSource       : HikariPool-1 - Start completed.
2020-01-02 09:16:20.465 DEBUG 1476 --- [http-nio-8080-exec-2] com.cx.wx.dao.UserDao.findByOpenid       : ==>  Preparing: select openid,name,avatar,formid,unionid from user where openid=? limit 1 
2020-01-02 09:16:20.507 DEBUG 1476 --- [http-nio-8080-exec-2] com.cx.wx.dao.UserDao.findByOpenid       : ==> Parameters: oqFTn5Yr2QNr_-492HBzh7I_w53Y(String)
2020-01-02 09:16:20.568 DEBUG 1476 --- [http-nio-8080-exec-2] com.cx.wx.dao.UserDao.findByOpenid       : <==      Total: 1
2020-01-02 09:16:20.588 DEBUG 1476 --- [http-nio-8080-exec-2] com.cx.wx.dao.UserDao.updateUser         : ==>  Preparing: update user set name=?, avatar=? where openid=? 
2020-01-02 09:16:20.589 DEBUG 1476 --- [http-nio-8080-exec-2] com.cx.wx.dao.UserDao.updateUser         : ==> Parameters: Alphard(String), (String), oqFTn5Yr2QNr_-492HBzh7I_w53Y(String)
2020-01-02 09:16:20.637 DEBUG 1476 --- [http-nio-8080-exec-2] com.cx.wx.dao.UserDao.updateUser         : <==    Updates: 1
2020-01-02 09:21:22.820 DEBUG 1476 --- [http-nio-8080-exec-9] com.cx.wx.dao.UserDao.findByOpenid       : ==>  Preparing: select openid,name,avatar,formid,unionid from user where openid=? limit 1 
2020-01-02 09:21:22.823 DEBUG 1476 --- [http-nio-8080-exec-9] com.cx.wx.dao.UserDao.findByOpenid       : ==> Parameters: oqFTn5Yr2QNr_-492HBzh7I_w53Y(String)
2020-01-02 09:21:22.826 DEBUG 1476 --- [http-nio-8080-exec-9] com.cx.wx.dao.UserDao.findByOpenid       : <==      Total: 1
2020-01-02 09:21:22.826 DEBUG 1476 --- [http-nio-8080-exec-9] com.cx.wx.dao.UserDao.updateUser         : ==>  Preparing: update user set name=?, avatar=? where openid=? 
2020-01-02 09:21:22.827 DEBUG 1476 --- [http-nio-8080-exec-9] com.cx.wx.dao.UserDao.updateUser         : ==> Parameters: Alphard(String), (String), oqFTn5Yr2QNr_-492HBzh7I_w53Y(String)
2020-01-02 09:21:22.882 DEBUG 1476 --- [http-nio-8080-exec-9] com.cx.wx.dao.UserDao.updateUser         : <==    Updates: 1
2020-01-02 14:44:34.305  INFO 11980 --- [restartedMain] com.cx.wx.WxApplicationKt                : Starting WxApplicationKt on NetSark-PC with PID 11980 (C:\Users\NetSark\IdeaProjects\wx\target\classes started by NetSark in C:\Users\NetSark\IdeaProjects\wx)
2020-01-02 14:44:34.351  INFO 11980 --- [restartedMain] com.cx.wx.WxApplicationKt                : No active profile set, falling back to default profiles: default
2020-01-02 14:44:34.917  INFO 11980 --- [restartedMain] .e.DevToolsPropertyDefaultsPostProcessor : Devtools property defaults active! Set 'spring.devtools.add-properties' to 'false' to disable
2020-01-02 14:44:34.918  INFO 11980 --- [restartedMain] .e.DevToolsPropertyDefaultsPostProcessor : For additional web related logging consider setting the 'logging.level.web' property to 'DEBUG'
2020-01-02 14:44:40.377  INFO 11980 --- [restartedMain] o.s.b.w.embedded.tomcat.TomcatWebServer  : Tomcat initialized with port(s): 8080 (http)
2020-01-02 14:44:40.394  INFO 11980 --- [restartedMain] o.apache.catalina.core.StandardService   : Starting service [Tomcat]
2020-01-02 14:44:40.394  INFO 11980 --- [restartedMain] org.apache.catalina.core.StandardEngine  : Starting Servlet engine: [Apache Tomcat/9.0.29]
2020-01-02 14:44:40.540  INFO 11980 --- [restartedMain] o.a.c.c.C.[Tomcat].[localhost].[/]       : Initializing Spring embedded WebApplicationContext
2020-01-02 14:44:40.541  INFO 11980 --- [restartedMain] o.s.web.context.ContextLoader            : Root WebApplicationContext: initialization completed in 5622 ms
2020-01-02 14:44:41.876  INFO 11980 --- [restartedMain] o.s.s.concurrent.ThreadPoolTaskExecutor  : Initializing ExecutorService 'applicationTaskExecutor'
2020-01-02 14:44:42.458  INFO 11980 --- [restartedMain] o.s.b.d.a.OptionalLiveReloadServer       : LiveReload server is running on port 35729
2020-01-02 14:44:42.541  INFO 11980 --- [restartedMain] o.s.b.w.embedded.tomcat.TomcatWebServer  : Tomcat started on port(s): 8080 (http) with context path ''
2020-01-02 14:44:42.546  INFO 11980 --- [restartedMain] com.cx.wx.WxApplicationKt                : Started WxApplicationKt in 10.307 seconds (JVM running for 14.079)
2020-01-02 14:45:50.538  INFO 8032 --- [restartedMain] com.cx.wx.WxApplicationKt                : Starting WxApplicationKt on NetSark-PC with PID 8032 (C:\Users\NetSark\IdeaProjects\wx\target\classes started by NetSark in C:\Users\NetSark\IdeaProjects\wx)
2020-01-02 14:45:50.554  INFO 8032 --- [restartedMain] com.cx.wx.WxApplicationKt                : No active profile set, falling back to default profiles: default
2020-01-02 14:45:50.944  INFO 8032 --- [restartedMain] .e.DevToolsPropertyDefaultsPostProcessor : Devtools property defaults active! Set 'spring.devtools.add-properties' to 'false' to disable
2020-01-02 14:45:50.945  INFO 8032 --- [restartedMain] .e.DevToolsPropertyDefaultsPostProcessor : For additional web related logging consider setting the 'logging.level.web' property to 'DEBUG'
2020-01-02 14:45:54.527  INFO 8032 --- [restartedMain] o.s.b.w.embedded.tomcat.TomcatWebServer  : Tomcat initialized with port(s): 8080 (http)
2020-01-02 14:45:54.549  INFO 8032 --- [restartedMain] o.apache.catalina.core.StandardService   : Starting service [Tomcat]
2020-01-02 14:45:54.554  INFO 8032 --- [restartedMain] org.apache.catalina.core.StandardEngine  : Starting Servlet engine: [Apache Tomcat/9.0.29]
2020-01-02 14:45:54.726  INFO 8032 --- [restartedMain] o.a.c.c.C.[Tomcat].[localhost].[/]       : Initializing Spring embedded WebApplicationContext
2020-01-02 14:45:54.728  INFO 8032 --- [restartedMain] o.s.web.context.ContextLoader            : Root WebApplicationContext: initialization completed in 3782 ms
2020-01-02 14:45:55.532  INFO 8032 --- [restartedMain] o.s.s.concurrent.ThreadPoolTaskExecutor  : Initializing ExecutorService 'applicationTaskExecutor'
2020-01-02 14:45:55.926  INFO 8032 --- [restartedMain] o.s.b.d.a.OptionalLiveReloadServer       : LiveReload server is running on port 35729
2020-01-02 14:45:55.986  INFO 8032 --- [restartedMain] o.s.b.w.embedded.tomcat.TomcatWebServer  : Tomcat started on port(s): 8080 (http) with context path ''
2020-01-02 14:45:55.991  INFO 8032 --- [restartedMain] com.cx.wx.WxApplicationKt                : Started WxApplicationKt in 6.644 seconds (JVM running for 8.962)
2020-01-02 14:46:07.013  INFO 8032 --- [http-nio-8080-exec-1] o.a.c.c.C.[Tomcat].[localhost].[/]       : Initializing Spring DispatcherServlet 'dispatcherServlet'
2020-01-02 14:46:07.015  INFO 8032 --- [http-nio-8080-exec-1] o.s.web.servlet.DispatcherServlet        : Initializing Servlet 'dispatcherServlet'
2020-01-02 14:46:07.074  INFO 8032 --- [http-nio-8080-exec-1] o.s.web.servlet.DispatcherServlet        : Completed initialization in 59 ms
2020-01-02 14:46:08.752  INFO 8032 --- [http-nio-8080-exec-2] com.zaxxer.hikari.HikariDataSource       : HikariPool-1 - Starting...
2020-01-02 14:46:09.185  INFO 8032 --- [http-nio-8080-exec-2] com.zaxxer.hikari.HikariDataSource       : HikariPool-1 - Start completed.
2020-01-02 14:46:09.200 DEBUG 8032 --- [http-nio-8080-exec-2] com.cx.wx.dao.UserDao.findByOpenid       : ==>  Preparing: select openid,name,avatar,formid,unionid from user where openid=? limit 1 
2020-01-02 14:46:09.245 DEBUG 8032 --- [http-nio-8080-exec-2] com.cx.wx.dao.UserDao.findByOpenid       : ==> Parameters: oqFTn5Yr2QNr_-492HBzh7I_w53Y(String)
2020-01-02 14:46:09.363 DEBUG 8032 --- [http-nio-8080-exec-2] com.cx.wx.dao.UserDao.findByOpenid       : <==      Total: 1
2020-01-02 14:46:09.371 DEBUG 8032 --- [http-nio-8080-exec-2] com.cx.wx.dao.UserDao.updateUser         : ==>  Preparing: update user set name=?, avatar=? where openid=? 
2020-01-02 14:46:09.372 DEBUG 8032 --- [http-nio-8080-exec-2] com.cx.wx.dao.UserDao.updateUser         : ==> Parameters: Alphard(String), (String), oqFTn5Yr2QNr_-492HBzh7I_w53Y(String)
2020-01-02 14:46:09.662 DEBUG 8032 --- [http-nio-8080-exec-2] com.cx.wx.dao.UserDao.updateUser         : <==    Updates: 1
2020-01-02 14:46:12.762  INFO 8032 --- [http-nio-8080-exec-3] com.cx.wx.cache.AccessTokenCache         : 获取Token成功, 失效时间: 2020-01-02 16:36:12
2020-01-02 14:46:17.948  INFO 8032 --- [http-nio-8080-exec-5] com.cx.wx.cache.AccessTokenCache         : Token有效
2020-01-02 14:47:19.413 DEBUG 8032 --- [http-nio-8080-exec-10] com.cx.wx.dao.UserDao.findByOpenid       : ==>  Preparing: select openid,name,avatar,formid,unionid from user where openid=? limit 1 
2020-01-02 14:47:19.414 DEBUG 8032 --- [http-nio-8080-exec-10] com.cx.wx.dao.UserDao.findByOpenid       : ==> Parameters: oqFTn5YDeXCQG7HTPWWMjA7DKFvA(String)
2020-01-02 14:47:19.416 DEBUG 8032 --- [http-nio-8080-exec-10] com.cx.wx.dao.UserDao.findByOpenid       : <==      Total: 0
2020-01-02 14:47:19.417 DEBUG 8032 --- [http-nio-8080-exec-10] com.cx.wx.dao.UserDao.insertUser         : ==>  Preparing: insert into user(name, avatar, openid) value(?, ?, ?) 
2020-01-02 14:47:19.418 DEBUG 8032 --- [http-nio-8080-exec-10] com.cx.wx.dao.UserDao.insertUser         : ==> Parameters: 风不会停息(String), https://wx.qlogo.cn/mmopen/vi_32/Q0j4TwGTfTL5X4Qd53LmYMiaosuMjF5S9BssK0aMIb82BHCib0FR5oNJ9qdF2VtaB2kzOT6et5Xf7OXqOrhfEXjg/132(String), oqFTn5YDeXCQG7HTPWWMjA7DKFvA(String)
2020-01-02 14:47:19.701 ERROR 8032 --- [http-nio-8080-exec-10] com.cx.wx.service.impl.UserImpl          : 插入/更新失败

org.springframework.dao.DataIntegrityViolationException: 
### Error updating database.  Cause: com.mysql.cj.jdbc.exceptions.MysqlDataTruncation: Data truncation: Data too long for column 'avatar' at row 1
### The error may exist in file [C:\Users\NetSark\IdeaProjects\wx\target\classes\mapper\UserDao.xml]
### The error may involve defaultParameterMap
### The error occurred while setting parameters
### SQL: insert into           user(name, avatar, openid)           value(?, ?, ?)
### Cause: com.mysql.cj.jdbc.exceptions.MysqlDataTruncation: Data truncation: Data too long for column 'avatar' at row 1
; Data truncation: Data too long for column 'avatar' at row 1; nested exception is com.mysql.cj.jdbc.exceptions.MysqlDataTruncation: Data truncation: Data too long for column 'avatar' at row 1
	at org.springframework.jdbc.support.SQLStateSQLExceptionTranslator.doTranslate(SQLStateSQLExceptionTranslator.java:104) ~[spring-jdbc-5.2.2.RELEASE.jar:5.2.2.RELEASE]
	at org.springframework.jdbc.support.AbstractFallbackSQLExceptionTranslator.translate(AbstractFallbackSQLExceptionTranslator.java:72) ~[spring-jdbc-5.2.2.RELEASE.jar:5.2.2.RELEASE]
	at org.springframework.jdbc.support.AbstractFallbackSQLExceptionTranslator.translate(AbstractFallbackSQLExceptionTranslator.java:81) ~[spring-jdbc-5.2.2.RELEASE.jar:5.2.2.RELEASE]
	at org.springframework.jdbc.support.AbstractFallbackSQLExceptionTranslator.translate(AbstractFallbackSQLExceptionTranslator.java:81) ~[spring-jdbc-5.2.2.RELEASE.jar:5.2.2.RELEASE]
	at org.mybatis.spring.MyBatisExceptionTranslator.translateExceptionIfPossible(MyBatisExceptionTranslator.java:88) ~[mybatis-spring-2.0.3.jar:2.0.3]
	at org.mybatis.spring.SqlSessionTemplate$SqlSessionInterceptor.invoke(SqlSessionTemplate.java:440) ~[mybatis-spring-2.0.3.jar:2.0.3]
	at com.sun.proxy.$Proxy71.insert(Unknown Source) ~[na:na]
	at org.mybatis.spring.SqlSessionTemplate.insert(SqlSessionTemplate.java:271) ~[mybatis-spring-2.0.3.jar:2.0.3]
	at org.apache.ibatis.binding.MapperMethod.execute(MapperMethod.java:62) ~[mybatis-3.5.3.jar:3.5.3]
	at org.apache.ibatis.binding.MapperProxy.invoke(MapperProxy.java:93) ~[mybatis-3.5.3.jar:3.5.3]
	at com.sun.proxy.$Proxy72.insertUser(Unknown Source) ~[na:na]
	at com.cx.wx.service.impl.UserImpl.updateUser(UserImpl.java:45) ~[classes/:na]
	at com.cx.wx.controller.User.updateUserInfo(User.kt:41) [classes/:na]
	at sun.reflect.NativeMethodAccessorImpl.invoke0(Native Method) ~[na:1.8.0_181]
	at sun.reflect.NativeMethodAccessorImpl.invoke(NativeMethodAccessorImpl.java:62) ~[na:1.8.0_181]
	at sun.reflect.DelegatingMethodAccessorImpl.invoke(DelegatingMethodAccessorImpl.java:43) ~[na:1.8.0_181]
	at java.lang.reflect.Method.invoke(Method.java:498) ~[na:1.8.0_181]
	at org.springframework.web.method.support.InvocableHandlerMethod.doInvoke(InvocableHandlerMethod.java:190) [spring-web-5.2.2.RELEASE.jar:5.2.2.RELEASE]
	at org.springframework.web.method.support.InvocableHandlerMethod.invokeForRequest(InvocableHandlerMethod.java:138) [spring-web-5.2.2.RELEASE.jar:5.2.2.RELEASE]
	at org.springframework.web.servlet.mvc.method.annotation.ServletInvocableHandlerMethod.invokeAndHandle(ServletInvocableHandlerMethod.java:106) [spring-webmvc-5.2.2.RELEASE.jar:5.2.2.RELEASE]
	at org.springframework.web.servlet.mvc.method.annotation.RequestMappingHandlerAdapter.invokeHandlerMethod(RequestMappingHandlerAdapter.java:888) [spring-webmvc-5.2.2.RELEASE.jar:5.2.2.RELEASE]
	at org.springframework.web.servlet.mvc.method.annotation.RequestMappingHandlerAdapter.handleInternal(RequestMappingHandlerAdapter.java:793) [spring-webmvc-5.2.2.RELEASE.jar:5.2.2.RELEASE]
	at org.springframework.web.servlet.mvc.method.AbstractHandlerMethodAdapter.handle(AbstractHandlerMethodAdapter.java:87) [spring-webmvc-5.2.2.RELEASE.jar:5.2.2.RELEASE]
	at org.springframework.web.servlet.DispatcherServlet.doDispatch(DispatcherServlet.java:1040) [spring-webmvc-5.2.2.RELEASE.jar:5.2.2.RELEASE]
	at org.springframework.web.servlet.DispatcherServlet.doService(DispatcherServlet.java:943) [spring-webmvc-5.2.2.RELEASE.jar:5.2.2.RELEASE]
	at org.springframework.web.servlet.FrameworkServlet.processRequest(FrameworkServlet.java:1006) [spring-webmvc-5.2.2.RELEASE.jar:5.2.2.RELEASE]
	at org.springframework.web.servlet.FrameworkServlet.doGet(FrameworkServlet.java:898) [spring-webmvc-5.2.2.RELEASE.jar:5.2.2.RELEASE]
	at javax.servlet.http.HttpServlet.service(HttpServlet.java:634) [tomcat-embed-core-9.0.29.jar:9.0.29]
	at org.springframework.web.servlet.FrameworkServlet.service(FrameworkServlet.java:883) [spring-webmvc-5.2.2.RELEASE.jar:5.2.2.RELEASE]
	at javax.servlet.http.HttpServlet.service(HttpServlet.java:741) [tomcat-embed-core-9.0.29.jar:9.0.29]
	at org.apache.catalina.core.ApplicationFilterChain.internalDoFilter(ApplicationFilterChain.java:231) [tomcat-embed-core-9.0.29.jar:9.0.29]
	at org.apache.catalina.core.ApplicationFilterChain.doFilter(ApplicationFilterChain.java:166) [tomcat-embed-core-9.0.29.jar:9.0.29]
	at org.apache.tomcat.websocket.server.WsFilter.doFilter(WsFilter.java:53) [tomcat-embed-websocket-9.0.29.jar:9.0.29]
	at org.apache.catalina.core.ApplicationFilterChain.internalDoFilter(ApplicationFilterChain.java:193) [tomcat-embed-core-9.0.29.jar:9.0.29]
	at org.apache.catalina.core.ApplicationFilterChain.doFilter(ApplicationFilterChain.java:166) [tomcat-embed-core-9.0.29.jar:9.0.29]
	at org.springframework.web.filter.RequestContextFilter.doFilterInternal(RequestContextFilter.java:100) [spring-web-5.2.2.RELEASE.jar:5.2.2.RELEASE]
	at org.springframework.web.filter.OncePerRequestFilter.doFilter(OncePerRequestFilter.java:119) [spring-web-5.2.2.RELEASE.jar:5.2.2.RELEASE]
	at org.apache.catalina.core.ApplicationFilterChain.internalDoFilter(ApplicationFilterChain.java:193) [tomcat-embed-core-9.0.29.jar:9.0.29]
	at org.apache.catalina.core.ApplicationFilterChain.doFilter(ApplicationFilterChain.java:166) [tomcat-embed-core-9.0.29.jar:9.0.29]
	at org.springframework.web.filter.FormContentFilter.doFilterInternal(FormContentFilter.java:93) [spring-web-5.2.2.RELEASE.jar:5.2.2.RELEASE]
	at org.springframework.web.filter.OncePerRequestFilter.doFilter(OncePerRequestFilter.java:119) [spring-web-5.2.2.RELEASE.jar:5.2.2.RELEASE]
	at org.apache.catalina.core.ApplicationFilterChain.internalDoFilter(ApplicationFilterChain.java:193) [tomcat-embed-core-9.0.29.jar:9.0.29]
	at org.apache.catalina.core.ApplicationFilterChain.doFilter(ApplicationFilterChain.java:166) [tomcat-embed-core-9.0.29.jar:9.0.29]
	at org.springframework.web.filter.CharacterEncodingFilter.doFilterInternal(CharacterEncodingFilter.java:201) [spring-web-5.2.2.RELEASE.jar:5.2.2.RELEASE]
	at org.springframework.web.filter.OncePerRequestFilter.doFilter(OncePerRequestFilter.java:119) [spring-web-5.2.2.RELEASE.jar:5.2.2.RELEASE]
	at org.apache.catalina.core.ApplicationFilterChain.internalDoFilter(ApplicationFilterChain.java:193) [tomcat-embed-core-9.0.29.jar:9.0.29]
	at org.apache.catalina.core.ApplicationFilterChain.doFilter(ApplicationFilterChain.java:166) [tomcat-embed-core-9.0.29.jar:9.0.29]
	at org.apache.catalina.core.StandardWrapperValve.invoke(StandardWrapperValve.java:202) [tomcat-embed-core-9.0.29.jar:9.0.29]
	at org.apache.catalina.core.StandardContextValve.invoke(StandardContextValve.java:96) [tomcat-embed-core-9.0.29.jar:9.0.29]
	at org.apache.catalina.authenticator.AuthenticatorBase.invoke(AuthenticatorBase.java:526) [tomcat-embed-core-9.0.29.jar:9.0.29]
	at org.apache.catalina.core.StandardHostValve.invoke(StandardHostValve.java:139) [tomcat-embed-core-9.0.29.jar:9.0.29]
	at org.apache.catalina.valves.ErrorReportValve.invoke(ErrorReportValve.java:92) [tomcat-embed-core-9.0.29.jar:9.0.29]
	at org.apache.catalina.core.StandardEngineValve.invoke(StandardEngineValve.java:74) [tomcat-embed-core-9.0.29.jar:9.0.29]
	at org.apache.catalina.connector.CoyoteAdapter.service(CoyoteAdapter.java:343) [tomcat-embed-core-9.0.29.jar:9.0.29]
	at org.apache.coyote.http11.Http11Processor.service(Http11Processor.java:367) [tomcat-embed-core-9.0.29.jar:9.0.29]
	at org.apache.coyote.AbstractProcessorLight.process(AbstractProcessorLight.java:65) [tomcat-embed-core-9.0.29.jar:9.0.29]
	at org.apache.coyote.AbstractProtocol$ConnectionHandler.process(AbstractProtocol.java:860) [tomcat-embed-core-9.0.29.jar:9.0.29]
	at org.apache.tomcat.util.net.NioEndpoint$SocketProcessor.doRun(NioEndpoint.java:1591) [tomcat-embed-core-9.0.29.jar:9.0.29]
	at org.apache.tomcat.util.net.SocketProcessorBase.run(SocketProcessorBase.java:49) [tomcat-embed-core-9.0.29.jar:9.0.29]
	at java.util.concurrent.ThreadPoolExecutor.runWorker(ThreadPoolExecutor.java:1149) [na:1.8.0_181]
	at java.util.concurrent.ThreadPoolExecutor$Worker.run(ThreadPoolExecutor.java:624) [na:1.8.0_181]
	at org.apache.tomcat.util.threads.TaskThread$WrappingRunnable.run(TaskThread.java:61) [tomcat-embed-core-9.0.29.jar:9.0.29]
	at java.lang.Thread.run(Thread.java:748) [na:1.8.0_181]
Caused by: com.mysql.cj.jdbc.exceptions.MysqlDataTruncation: Data truncation: Data too long for column 'avatar' at row 1
	at com.mysql.cj.jdbc.exceptions.SQLExceptionsMapping.translateException(SQLExceptionsMapping.java:104) ~[mysql-connector-java-8.0.18.jar:8.0.18]
	at com.mysql.cj.jdbc.ClientPreparedStatement.executeInternal(ClientPreparedStatement.java:953) ~[mysql-connector-java-8.0.18.jar:8.0.18]
	at com.mysql.cj.jdbc.ClientPreparedStatement.execute(ClientPreparedStatement.java:370) ~[mysql-connector-java-8.0.18.jar:8.0.18]
	at com.zaxxer.hikari.pool.ProxyPreparedStatement.execute(ProxyPreparedStatement.java:44) ~[HikariCP-3.4.1.jar:na]
	at com.zaxxer.hikari.pool.HikariProxyPreparedStatement.execute(HikariProxyPreparedStatement.java) ~[HikariCP-3.4.1.jar:na]
	at sun.reflect.NativeMethodAccessorImpl.invoke0(Native Method) ~[na:1.8.0_181]
	at sun.reflect.NativeMethodAccessorImpl.invoke(NativeMethodAccessorImpl.java:62) ~[na:1.8.0_181]
	at sun.reflect.DelegatingMethodAccessorImpl.invoke(DelegatingMethodAccessorImpl.java:43) ~[na:1.8.0_181]
	at java.lang.reflect.Method.invoke(Method.java:498) ~[na:1.8.0_181]
	at org.apache.ibatis.logging.jdbc.PreparedStatementLogger.invoke(PreparedStatementLogger.java:59) ~[mybatis-3.5.3.jar:3.5.3]
	at com.sun.proxy.$Proxy80.execute(Unknown Source) ~[na:na]
	at org.apache.ibatis.executor.statement.PreparedStatementHandler.update(PreparedStatementHandler.java:47) ~[mybatis-3.5.3.jar:3.5.3]
	at org.apache.ibatis.executor.statement.RoutingStatementHandler.update(RoutingStatementHandler.java:74) ~[mybatis-3.5.3.jar:3.5.3]
	at org.apache.ibatis.executor.SimpleExecutor.doUpdate(SimpleExecutor.java:50) ~[mybatis-3.5.3.jar:3.5.3]
	at org.apache.ibatis.executor.BaseExecutor.update(BaseExecutor.java:117) ~[mybatis-3.5.3.jar:3.5.3]
	at org.apache.ibatis.executor.CachingExecutor.update(CachingExecutor.java:76) ~[mybatis-3.5.3.jar:3.5.3]
	at org.apache.ibatis.session.defaults.DefaultSqlSession.update(DefaultSqlSession.java:197) ~[mybatis-3.5.3.jar:3.5.3]
	at org.apache.ibatis.session.defaults.DefaultSqlSession.insert(DefaultSqlSession.java:184) ~[mybatis-3.5.3.jar:3.5.3]
	at sun.reflect.NativeMethodAccessorImpl.invoke0(Native Method) ~[na:1.8.0_181]
	at sun.reflect.NativeMethodAccessorImpl.invoke(NativeMethodAccessorImpl.java:62) ~[na:1.8.0_181]
	at sun.reflect.DelegatingMethodAccessorImpl.invoke(DelegatingMethodAccessorImpl.java:43) ~[na:1.8.0_181]
	at java.lang.reflect.Method.invoke(Method.java:498) ~[na:1.8.0_181]
	at org.mybatis.spring.SqlSessionTemplate$SqlSessionInterceptor.invoke(SqlSessionTemplate.java:426) ~[mybatis-spring-2.0.3.jar:2.0.3]
	... 57 common frames omitted

2020-01-02 14:48:52.407 DEBUG 8032 --- [http-nio-8080-exec-3] com.cx.wx.dao.UserDao.findByOpenid       : ==>  Preparing: select openid,name,avatar,formid,unionid from user where openid=? limit 1 
2020-01-02 14:48:52.408 DEBUG 8032 --- [http-nio-8080-exec-3] com.cx.wx.dao.UserDao.findByOpenid       : ==> Parameters: oqFTn5YDeXCQG7HTPWWMjA7DKFvA(String)
2020-01-02 14:48:52.412 DEBUG 8032 --- [http-nio-8080-exec-3] com.cx.wx.dao.UserDao.findByOpenid       : <==      Total: 0
2020-01-02 14:48:52.413 DEBUG 8032 --- [http-nio-8080-exec-3] com.cx.wx.dao.UserDao.insertUser         : ==>  Preparing: insert into user(name, avatar, openid) value(?, ?, ?) 
2020-01-02 14:48:52.414 DEBUG 8032 --- [http-nio-8080-exec-3] com.cx.wx.dao.UserDao.insertUser         : ==> Parameters: 风不会停息(String), https://wx.qlogo.cn/mmopen/vi_32/Q0j4TwGTfTL5X4Qd53LmYMiaosuMjF5S9BssK0aMIb82BHCib0FR5oNJ9qdF2VtaB2kzOT6et5Xf7OXqOrhfEXjg/132(String), oqFTn5YDeXCQG7HTPWWMjA7DKFvA(String)
2020-01-02 14:48:52.484 DEBUG 8032 --- [http-nio-8080-exec-3] com.cx.wx.dao.UserDao.insertUser         : <==    Updates: 1
2020-01-02 14:48:56.590 DEBUG 8032 --- [http-nio-8080-exec-6] com.cx.wx.dao.UserDao.findByOpenid       : ==>  Preparing: select openid,name,avatar,formid,unionid from user where openid=? limit 1 
2020-01-02 14:48:56.591 DEBUG 8032 --- [http-nio-8080-exec-6] com.cx.wx.dao.UserDao.findByOpenid       : ==> Parameters: oqFTn5YDeXCQG7HTPWWMjA7DKFvA(String)
2020-01-02 14:48:56.593 DEBUG 8032 --- [http-nio-8080-exec-6] com.cx.wx.dao.UserDao.findByOpenid       : <==      Total: 1
2020-01-02 14:48:56.594 DEBUG 8032 --- [http-nio-8080-exec-6] com.cx.wx.dao.UserDao.updateUser         : ==>  Preparing: update user set name=?, avatar=? where openid=? 
2020-01-02 14:48:56.595 DEBUG 8032 --- [http-nio-8080-exec-6] com.cx.wx.dao.UserDao.updateUser         : ==> Parameters: 风不会停息(String), https://wx.qlogo.cn/mmopen/vi_32/Q0j4TwGTfTL5X4Qd53LmYMiaosuMjF5S9BssK0aMIb82BHCib0FR5oNJ9qdF2VtaB2kzOT6et5Xf7OXqOrhfEXjg/132(String), oqFTn5YDeXCQG7HTPWWMjA7DKFvA(String)
2020-01-02 14:48:56.640 DEBUG 8032 --- [http-nio-8080-exec-6] com.cx.wx.dao.UserDao.updateUser         : <==    Updates: 1
2020-01-02 14:49:00.128  INFO 8032 --- [http-nio-8080-exec-7] com.cx.wx.cache.AccessTokenCache         : Token有效
2020-01-02 14:49:02.205  INFO 8032 --- [http-nio-8080-exec-8] com.cx.wx.cache.AccessTokenCache         : Token有效
2020-01-02 14:49:57.631  INFO 8032 --- [http-nio-8080-exec-10] com.cx.wx.cache.AccessTokenCache         : Token有效
2020-01-02 14:50:00.944  INFO 8032 --- [http-nio-8080-exec-1] com.cx.wx.cache.AccessTokenCache         : Token有效
2020-01-02 14:50:03.835  INFO 8032 --- [http-nio-8080-exec-2] com.cx.wx.cache.AccessTokenCache         : Token有效
2020-01-02 14:52:30.187 DEBUG 8032 --- [http-nio-8080-exec-5] com.cx.wx.dao.UserDao.findByOpenid       : ==>  Preparing: select openid,name,avatar,formid,unionid from user where openid=? limit 1 
2020-01-02 14:52:30.188 DEBUG 8032 --- [http-nio-8080-exec-5] com.cx.wx.dao.UserDao.findByOpenid       : ==> Parameters: oqFTn5YDeXCQG7HTPWWMjA7DKFvA(String)
2020-01-02 14:52:30.190 DEBUG 8032 --- [http-nio-8080-exec-5] com.cx.wx.dao.UserDao.findByOpenid       : <==      Total: 1
2020-01-02 14:52:30.191 DEBUG 8032 --- [http-nio-8080-exec-5] com.cx.wx.dao.UserDao.updateUser         : ==>  Preparing: update user set name=?, avatar=? where openid=? 
2020-01-02 14:52:30.192 DEBUG 8032 --- [http-nio-8080-exec-5] com.cx.wx.dao.UserDao.updateUser         : ==> Parameters: 风不会停息(String), https://wx.qlogo.cn/mmopen/vi_32/Q0j4TwGTfTL5X4Qd53LmYMiaosuMjF5S9BssK0aMIb82BHCib0FR5oNJ9qdF2VtaB2kzOT6et5Xf7OXqOrhfEXjg/132(String), oqFTn5YDeXCQG7HTPWWMjA7DKFvA(String)
2020-01-02 14:52:30.229 DEBUG 8032 --- [http-nio-8080-exec-5] com.cx.wx.dao.UserDao.updateUser         : <==    Updates: 1
2020-01-02 14:54:22.555  INFO 7340 --- [restartedMain] com.cx.wx.WxApplicationKt                : Starting WxApplicationKt on NetSark-PC with PID 7340 (C:\Users\NetSark\IdeaProjects\wx\target\classes started by NetSark in C:\Users\NetSark\IdeaProjects\wx)
2020-01-02 14:54:22.561  INFO 7340 --- [restartedMain] com.cx.wx.WxApplicationKt                : No active profile set, falling back to default profiles: default
2020-01-02 14:54:22.657  INFO 7340 --- [restartedMain] .e.DevToolsPropertyDefaultsPostProcessor : Devtools property defaults active! Set 'spring.devtools.add-properties' to 'false' to disable
2020-01-02 14:54:22.658  INFO 7340 --- [restartedMain] .e.DevToolsPropertyDefaultsPostProcessor : For additional web related logging consider setting the 'logging.level.web' property to 'DEBUG'
2020-01-02 14:54:26.731  INFO 7340 --- [restartedMain] o.s.b.w.embedded.tomcat.TomcatWebServer  : Tomcat initialized with port(s): 8080 (http)
2020-01-02 14:54:26.747  INFO 7340 --- [restartedMain] o.apache.catalina.core.StandardService   : Starting service [Tomcat]
2020-01-02 14:54:26.748  INFO 7340 --- [restartedMain] org.apache.catalina.core.StandardEngine  : Starting Servlet engine: [Apache Tomcat/9.0.29]
2020-01-02 14:54:27.002  INFO 7340 --- [restartedMain] o.a.c.c.C.[Tomcat].[localhost].[/]       : Initializing Spring embedded WebApplicationContext
2020-01-02 14:54:27.002  INFO 7340 --- [restartedMain] o.s.web.context.ContextLoader            : Root WebApplicationContext: initialization completed in 4344 ms
2020-01-02 14:54:27.960  INFO 7340 --- [restartedMain] o.s.s.concurrent.ThreadPoolTaskExecutor  : Initializing ExecutorService 'applicationTaskExecutor'
2020-01-02 14:54:28.325  INFO 7340 --- [restartedMain] o.s.b.d.a.OptionalLiveReloadServer       : LiveReload server is running on port 35729
2020-01-02 14:54:28.384  INFO 7340 --- [restartedMain] o.s.b.w.embedded.tomcat.TomcatWebServer  : Tomcat started on port(s): 8080 (http) with context path ''
2020-01-02 14:54:28.389  INFO 7340 --- [restartedMain] com.cx.wx.WxApplicationKt                : Started WxApplicationKt in 6.743 seconds (JVM running for 8.942)
2020-01-02 14:58:11.902  INFO 4464 --- [restartedMain] com.cx.wx.WxApplicationKt                : Starting WxApplicationKt on NetSark-PC with PID 4464 (C:\Users\NetSark\IdeaProjects\wx\target\classes started by NetSark in C:\Users\NetSark\IdeaProjects\wx)
2020-01-02 14:58:11.908  INFO 4464 --- [restartedMain] com.cx.wx.WxApplicationKt                : No active profile set, falling back to default profiles: default
2020-01-02 14:58:12.251  INFO 4464 --- [restartedMain] .e.DevToolsPropertyDefaultsPostProcessor : Devtools property defaults active! Set 'spring.devtools.add-properties' to 'false' to disable
2020-01-02 14:58:12.251  INFO 4464 --- [restartedMain] .e.DevToolsPropertyDefaultsPostProcessor : For additional web related logging consider setting the 'logging.level.web' property to 'DEBUG'
2020-01-02 14:58:15.488  INFO 4464 --- [restartedMain] o.s.b.w.embedded.tomcat.TomcatWebServer  : Tomcat initialized with port(s): 8080 (http)
2020-01-02 14:58:15.503  INFO 4464 --- [restartedMain] o.apache.catalina.core.StandardService   : Starting service [Tomcat]
2020-01-02 14:58:15.503  INFO 4464 --- [restartedMain] org.apache.catalina.core.StandardEngine  : Starting Servlet engine: [Apache Tomcat/9.0.29]
2020-01-02 14:58:15.634  INFO 4464 --- [restartedMain] o.a.c.c.C.[Tomcat].[localhost].[/]       : Initializing Spring embedded WebApplicationContext
2020-01-02 14:58:15.636  INFO 4464 --- [restartedMain] o.s.web.context.ContextLoader            : Root WebApplicationContext: initialization completed in 3384 ms
2020-01-02 14:58:16.443  INFO 4464 --- [restartedMain] o.s.s.concurrent.ThreadPoolTaskExecutor  : Initializing ExecutorService 'applicationTaskExecutor'
2020-01-02 14:58:16.835  INFO 4464 --- [restartedMain] o.s.b.d.a.OptionalLiveReloadServer       : LiveReload server is running on port 35729
2020-01-02 14:58:16.902  INFO 4464 --- [restartedMain] o.s.b.w.embedded.tomcat.TomcatWebServer  : Tomcat started on port(s): 8080 (http) with context path ''
2020-01-02 14:58:16.908  INFO 4464 --- [restartedMain] com.cx.wx.WxApplicationKt                : Started WxApplicationKt in 6.521 seconds (JVM running for 8.304)
2020-01-02 14:59:24.699  INFO 4464 --- [http-nio-8080-exec-2] o.a.c.c.C.[Tomcat].[localhost].[/]       : Initializing Spring DispatcherServlet 'dispatcherServlet'
2020-01-02 14:59:24.700  INFO 4464 --- [http-nio-8080-exec-2] o.s.web.servlet.DispatcherServlet        : Initializing Servlet 'dispatcherServlet'
2020-01-02 14:59:24.710  INFO 4464 --- [http-nio-8080-exec-2] o.s.web.servlet.DispatcherServlet        : Completed initialization in 9 ms
2020-01-02 14:59:25.652  INFO 4464 --- [http-nio-8080-exec-2] com.cx.wx.cache.AccessTokenCache         : 获取Token成功, 失效时间: 2020-01-02 16:49:25
